[2018-09-23 18:30:33] xcloner_api.INFO: Processing ajax request ID _qhtna95bt [] []
[2018-09-23 18:30:33] xcloner_file_system.INFO: Starting the filesystem scanner on root folder C:\Users\KirKa\Documents\Progect\beewinnre.com [] []
[2018-09-23 18:30:33] xcloner_file_system.INFO: Excluding .git from the filesystem list, matching pattern / ["FILESYSTEM SCAN","EXCLUDE"] []
[2018-09-23 18:30:33] xcloner_file_system.INFO: Excluding .gitattributes from the filesystem list, matching pattern / ["FILESYSTEM SCAN","EXCLUDE"] []
[2018-09-23 18:30:33] xcloner_file_system.INFO: Excluding .htaccess from the filesystem list, matching pattern / ["FILESYSTEM SCAN","EXCLUDE"] []
[2018-09-23 18:30:33] xcloner_file_system.INFO: Excluding index.php from the filesystem list, matching pattern / ["FILESYSTEM SCAN","EXCLUDE"] []
[2018-09-23 18:30:33] xcloner_file_system.INFO: Excluding license.txt from the filesystem list, matching pattern / ["FILESYSTEM SCAN","EXCLUDE"] []
[2018-09-23 18:30:33] xcloner_file_system.INFO: Excluding readme.html from the filesystem list, matching pattern / ["FILESYSTEM SCAN","EXCLUDE"] []
[2018-09-23 18:30:33] xcloner_file_system.INFO: Excluding wp-activate.php from the filesystem list, matching pattern / ["FILESYSTEM SCAN","EXCLUDE"] []
[2018-09-23 18:30:33] xcloner_file_system.INFO: Excluding wp-admin from the filesystem list, matching pattern / ["FILESYSTEM SCAN","EXCLUDE"] []
[2018-09-23 18:30:33] xcloner_file_system.INFO: Excluding wp-blog-header.php from the filesystem list, matching pattern / ["FILESYSTEM SCAN","EXCLUDE"] []
[2018-09-23 18:30:33] xcloner_file_system.INFO: Excluding wp-comments-post.php from the filesystem list, matching pattern / ["FILESYSTEM SCAN","EXCLUDE"] []
[2018-09-23 18:30:33] xcloner_file_system.INFO: Excluding wp-config-sample.php from the filesystem list, matching pattern / ["FILESYSTEM SCAN","EXCLUDE"] []
[2018-09-23 18:30:33] xcloner_file_system.INFO: Excluding wp-config.php from the filesystem list, matching pattern / ["FILESYSTEM SCAN","EXCLUDE"] []
[2018-09-23 18:30:33] xcloner_file_system.INFO: Excluding wp-content from the filesystem list, matching pattern / ["FILESYSTEM SCAN","EXCLUDE"] []
[2018-09-23 18:30:33] xcloner_file_system.INFO: Excluding wp-cron.php from the filesystem list, matching pattern / ["FILESYSTEM SCAN","EXCLUDE"] []
[2018-09-23 18:30:33] xcloner_file_system.INFO: Excluding wp-includes from the filesystem list, matching pattern / ["FILESYSTEM SCAN","EXCLUDE"] []
[2018-09-23 18:30:33] xcloner_file_system.INFO: Excluding wp-links-opml.php from the filesystem list, matching pattern / ["FILESYSTEM SCAN","EXCLUDE"] []
[2018-09-23 18:30:33] xcloner_file_system.INFO: Excluding wp-load.php from the filesystem list, matching pattern / ["FILESYSTEM SCAN","EXCLUDE"] []
[2018-09-23 18:30:33] xcloner_file_system.INFO: Excluding wp-login.php from the filesystem list, matching pattern / ["FILESYSTEM SCAN","EXCLUDE"] []
[2018-09-23 18:30:33] xcloner_file_system.INFO: Excluding wp-mail.php from the filesystem list, matching pattern / ["FILESYSTEM SCAN","EXCLUDE"] []
[2018-09-23 18:30:33] xcloner_file_system.INFO: Excluding wp-settings.php from the filesystem list, matching pattern / ["FILESYSTEM SCAN","EXCLUDE"] []
[2018-09-23 18:30:33] xcloner_file_system.INFO: Excluding wp-signup.php from the filesystem list, matching pattern / ["FILESYSTEM SCAN","EXCLUDE"] []
[2018-09-23 18:30:33] xcloner_file_system.INFO: Excluding wp-trackback.php from the filesystem list, matching pattern / ["FILESYSTEM SCAN","EXCLUDE"] []
[2018-09-23 18:30:33] xcloner_file_system.INFO: Excluding xmlrpc.php from the filesystem list, matching pattern / ["FILESYSTEM SCAN","EXCLUDE"] []
[2018-09-23 18:30:35] xcloner_api.INFO: Processing ajax request ID _5102e7wik [] []
[2018-09-23 18:30:36] xcloner_database.INFO: Preparing the database recursion file [""] []
[2018-09-23 18:30:38] xcloner_api.INFO: Processing ajax request ID _e9bf95wwf [] []
[2018-09-23 18:30:38] xcloner_database.INFO: Starting new backup dump to file database-backup.sql [""] []
[2018-09-23 18:30:38] xcloner_database.INFO: Writing beewinner database dump headers [""] []
[2018-09-23 18:30:38] xcloner_database.INFO: Dumping the structure for beewinner.wp_commentmeta table [""] []
[2018-09-23 18:30:38] xcloner_database.INFO: Dumping 0 records starting position 0 from beewinner.wp_commentmeta table [""] []
[2018-09-23 18:30:40] xcloner_api.INFO: Processing ajax request ID _41ch2zo2j [] []
[2018-09-23 18:30:40] xcloner_database.INFO: Dumping the structure for beewinner.wp_comments table [""] []
[2018-09-23 18:30:40] xcloner_database.INFO: Dumping 1 records starting position 0 from beewinner.wp_comments table [""] []
[2018-09-23 18:30:42] xcloner_api.INFO: Processing ajax request ID _manuxakhx [] []
[2018-09-23 18:30:43] xcloner_database.INFO: Dumping the structure for beewinner.wp_links table [""] []
[2018-09-23 18:30:43] xcloner_database.INFO: Dumping 0 records starting position 0 from beewinner.wp_links table [""] []
[2018-09-23 18:30:45] xcloner_api.INFO: Processing ajax request ID _w2whur7on [] []
[2018-09-23 18:30:45] xcloner_database.INFO: Dumping the structure for beewinner.wp_options table [""] []
[2018-09-23 18:30:46] xcloner_database.INFO: Dumping 161 records starting position 0 from beewinner.wp_options table [""] []
[2018-09-23 18:30:48] xcloner_api.INFO: Processing ajax request ID _kaw74lsxo [] []
[2018-09-23 18:30:48] xcloner_database.INFO: Dumping the structure for beewinner.wp_postmeta table [""] []
[2018-09-23 18:30:50] xcloner_database.INFO: Dumping 306 records starting position 0 from beewinner.wp_postmeta table [""] []
[2018-09-23 18:30:53] xcloner_api.INFO: Processing ajax request ID _osnn6y6c5 [] []
[2018-09-23 18:30:53] xcloner_database.INFO: Dumping the structure for beewinner.wp_posts table [""] []
[2018-09-23 18:30:54] xcloner_database.INFO: Dumping 140 records starting position 0 from beewinner.wp_posts table [""] []
[2018-09-23 18:30:56] xcloner_api.INFO: Processing ajax request ID _b9l8pq3c8 [] []
[2018-09-23 18:30:57] xcloner_database.INFO: Dumping the structure for beewinner.wp_term_relationships table [""] []
[2018-09-23 18:30:57] xcloner_database.INFO: Dumping 35 records starting position 0 from beewinner.wp_term_relationships table [""] []
[2018-09-23 18:30:59] xcloner_api.INFO: Processing ajax request ID _4bk6r5tye [] []
[2018-09-23 18:30:59] xcloner_database.INFO: Dumping the structure for beewinner.wp_term_taxonomy table [""] []
[2018-09-23 18:30:59] xcloner_database.INFO: Dumping 11 records starting position 0 from beewinner.wp_term_taxonomy table [""] []
[2018-09-23 18:31:01] xcloner_api.INFO: Processing ajax request ID _yri586ol7 [] []
[2018-09-23 18:31:01] xcloner_database.INFO: Dumping the structure for beewinner.wp_termmeta table [""] []
[2018-09-23 18:31:01] xcloner_database.INFO: Dumping 0 records starting position 0 from beewinner.wp_termmeta table [""] []
[2018-09-23 18:31:04] xcloner_api.INFO: Processing ajax request ID _frhaaal74 [] []
[2018-09-23 18:31:04] xcloner_database.INFO: Dumping the structure for beewinner.wp_terms table [""] []
[2018-09-23 18:31:04] xcloner_database.INFO: Dumping 11 records starting position 0 from beewinner.wp_terms table [""] []
[2018-09-23 18:31:06] xcloner_api.INFO: Processing ajax request ID _mvr8163zz [] []
[2018-09-23 18:31:06] xcloner_database.INFO: Dumping the structure for beewinner.wp_usermeta table [""] []
[2018-09-23 18:31:06] xcloner_database.INFO: Dumping 29 records starting position 0 from beewinner.wp_usermeta table [""] []
[2018-09-23 18:31:09] xcloner_api.INFO: Processing ajax request ID _020dhae7x [] []
[2018-09-23 18:31:09] xcloner_database.INFO: Dumping the structure for beewinner.wp_users table [""] []
[2018-09-23 18:31:09] xcloner_database.INFO: Dumping 1 records starting position 0 from beewinner.wp_users table [""] []
[2018-09-23 18:31:11] xcloner_api.INFO: Processing ajax request ID _cb8zx0bbi [] []
[2018-09-23 18:31:11] xcloner_database.INFO: Dumping the structure for beewinner.wp_xcloner_scheduler table [""] []
[2018-09-23 18:31:11] xcloner_database.INFO: Dumping 0 records starting position 0 from beewinner.wp_xcloner_scheduler table [""] []
[2018-09-23 18:31:13] xcloner_api.INFO: Processing ajax request ID _nkrtzgs2n [] []
[2018-09-23 18:31:16] xcloner_api.INFO: Processing ajax request ID _6na1ja3nn [] []
[2018-09-23 18:31:16] xcloner_archive.INFO: Initializing the backup archive backup_beewinnre.com-2018-09-23_18-31-sql [] []
[2018-09-23 18:31:16] xcloner_archive.INFO: Adding 0 bytes of file xcloner-4fd46/index.html to archive backup_beewinnre.com-2018-09-23_18-31-sql-4fd46.tar  [] []
[2018-09-23 18:31:16] xcloner_archive.INFO: Adding 321 bytes of file xcloner-4fd46/backup_files.csv to archive backup_beewinnre.com-2018-09-23_18-31-sql-4fd46.tar  [] []
[2018-09-23 18:31:16] xcloner_archive.INFO: Adding 8803 bytes of file xcloner-4fd46/xcloner-4fd46.log to archive backup_beewinnre.com-2018-09-23_18-31-sql-4fd46.tar  [] []
[2018-09-23 18:31:16] xcloner_archive.INFO: Adding 641895 bytes of file xcloner-4fd46/database-backup.sql to archive backup_beewinnre.com-2018-09-23_18-31-sql-4fd46.tar  [] []
[2018-09-23 18:31:16] xcloner_archive.INFO: Closing the backup archive backup_beewinnre.com-2018-09-23_18-31-sql-4fd46.tar with 2*512 zero bytes blocks. [] []
[2018-09-23 18:31:16] xcloner_archive.INFO: Sending backup notification to all4sitecomua@gmail.com [] []
[2018-09-23 18:31:16] php_system.INFO: E_WARNING: array (   'type' => 2,   'message' => 'rmdir(d:\\ospanel\\userdata\\temp\\.xcloner-4fd46): Directory not empty',   'file' => 'C:\\Users\\KirKa\\Documents\\Progect\\beewinnre.com\\wp-content\\plugins\\xcloner-backup-and-restore\\includes\\class-xcloner-file-system.php',   'line' => 461, ) [] []
